The system is: Windows - 10.0.19042 - AMD64
Compiling the C compiler identification source file "CMakeCCompilerId.c" succeeded.
Compiler: C:/Program Files (x86)/Microsoft Visual Studio/2019/Community/VC/Tools/MSVC/14.27.29110/bin/Hostx64/x64/cl.exe 
Build flags: 
Id flags:  

The output was:
0
Microsoft (R) C/C++ Optimizing Compiler Versão 19.27.29111 para x64
Copyright (C) Microsoft Corporation. Todos os direitos reservados.

CMakeCCompilerId.c
Microsoft (R) Incremental Linker Version 14.27.29111.0
Copyright (C) Microsoft Corporation.  All rights reserved.

/out:CMakeCCompilerId.exe 
CMakeCCompilerId.obj 


Compilation of the C compiler identification source "CMakeCCompilerId.c" produced "CMakeCCompilerId.exe"

Compilation of the C compiler identification source "CMakeCCompilerId.c" produced "CMakeCCompilerId.obj"

The C compiler identification is MSVC, found in "E:/Documents/Coffe Soul Developer/Code/Projects/Engine/opengl/module3D/include/glm/out/build/x64-Debug (padrão)/CMakeFiles/3.17.20032601-MSVC_2/CompilerIdC/CMakeCCompilerId.exe"

Compiling the CXX compiler identification source file "CMakeCXXCompilerId.cpp" succeeded.
Compiler: C:/Program Files (x86)/Microsoft Visual Studio/2019/Community/VC/Tools/MSVC/14.27.29110/bin/Hostx64/x64/cl.exe 
Build flags: 
Id flags:  

The output was:
0
Microsoft (R) C/C++ Optimizing Compiler Versão 19.27.29111 para x64
Copyright (C) Microsoft Corporation. Todos os direitos reservados.

CMakeCXXCompilerId.cpp
Microsoft (R) Incremental Linker Version 14.27.29111.0
Copyright (C) Microsoft Corporation.  All rights reserved.

/out:CMakeCXXCompilerId.exe 
CMakeCXXCompilerId.obj 


Compilation of the CXX compiler identification source "CMakeCXXCompilerId.cpp" produced "CMakeCXXCompilerId.exe"

Compilation of the CXX compiler identification source "CMakeCXXCompilerId.cpp" produced "CMakeCXXCompilerId.obj"

The CXX compiler identification is MSVC, found in "E:/Documents/Coffe Soul Developer/Code/Projects/Engine/opengl/module3D/include/glm/out/build/x64-Debug (padrão)/CMakeFiles/3.17.20032601-MSVC_2/CompilerIdCXX/CMakeCXXCompilerId.exe"

Determining if the C compiler works passed with the following output:
Change Dir: E:/Documents/Coffe Soul Developer/Code/Projects/Engine/opengl/module3D/include/glm/out/build/x64-Debug (padrão)/CMakeFiles/CMakeTmp

Run Build Command(s):C:/Program Files (x86)/Microsoft Visual Studio/2019/Community/Common7/IDE/CommonExtensions/Microsoft/CMake/Ninja/ninja.exe cmTC_ef380 && [1/2] Building C object CMakeFiles\cmTC_ef380.dir\testCCompiler.c.obj
[2/2] Linking C executable cmTC_ef380.exe



Detecting C compiler ABI info compiled with the following output:
Change Dir: E:/Documents/Coffe Soul Developer/Code/Projects/Engine/opengl/module3D/include/glm/out/build/x64-Debug (padrão)/CMakeFiles/CMakeTmp

Run Build Command(s):C:/Program Files (x86)/Microsoft Visual Studio/2019/Community/Common7/IDE/CommonExtensions/Microsoft/CMake/Ninja/ninja.exe cmTC_3f3c0 && [1/2] Building C object CMakeFiles\cmTC_3f3c0.dir\CMakeCCompilerABI.c.obj
Observação: incluindo arquivo: C:\Program Files (x86)\Microsoft Visual Studio\2019\Community\Common7\IDE\CommonExtensions\Microsoft\CMake\CMake\share\cmake-3.17\Modules\CMakeCompilerABI.h
[2/2] Linking C executable cmTC_3f3c0.exe



Determining if the CXX compiler works passed with the following output:
Change Dir: E:/Documents/Coffe Soul Developer/Code/Projects/Engine/opengl/module3D/include/glm/out/build/x64-Debug (padrão)/CMakeFiles/CMakeTmp

Run Build Command(s):C:/Program Files (x86)/Microsoft Visual Studio/2019/Community/Common7/IDE/CommonExtensions/Microsoft/CMake/Ninja/ninja.exe cmTC_50c24 && [1/2] Building CXX object CMakeFiles\cmTC_50c24.dir\testCXXCompiler.cxx.obj
[2/2] Linking CXX executable cmTC_50c24.exe



Detecting CXX compiler ABI info compiled with the following output:
Change Dir: E:/Documents/Coffe Soul Developer/Code/Projects/Engine/opengl/module3D/include/glm/out/build/x64-Debug (padrão)/CMakeFiles/CMakeTmp

Run Build Command(s):C:/Program Files (x86)/Microsoft Visual Studio/2019/Community/Common7/IDE/CommonExtensions/Microsoft/CMake/Ninja/ninja.exe cmTC_03987 && [1/2] Building CXX object CMakeFiles\cmTC_03987.dir\CMakeCXXCompilerABI.cpp.obj
Observação: incluindo arquivo: C:\Program Files (x86)\Microsoft Visual Studio\2019\Community\Common7\IDE\CommonExtensions\Microsoft\CMake\CMake\share\cmake-3.17\Modules\CMakeCompilerABI.h
[2/2] Linking CXX executable cmTC_03987.exe



